mode: set
github.com/livechat/lc-sdk-go/v3/webhooks/handler.go:37.40,42.2 1 1
github.com/livechat/lc-sdk-go/v3/webhooks/handler.go:49.103,55.2 2 1
github.com/livechat/lc-sdk-go/v3/webhooks/handler.go:60.75,63.2 2 1
github.com/livechat/lc-sdk-go/v3/webhooks/handler.go:69.61,70.54 1 1
github.com/livechat/lc-sdk-go/v3/webhooks/handler.go:70.54,72.17 2 1
github.com/livechat/lc-sdk-go/v3/webhooks/handler.go:77.3,78.51 2 1
github.com/livechat/lc-sdk-go/v3/webhooks/handler.go:82.3,83.14 2 1
github.com/livechat/lc-sdk-go/v3/webhooks/handler.go:87.3,87.61 1 1
github.com/livechat/lc-sdk-go/v3/webhooks/handler.go:92.3,93.20 2 1
github.com/livechat/lc-sdk-go/v3/webhooks/handler.go:145.3,145.64 1 1
github.com/livechat/lc-sdk-go/v3/webhooks/handler.go:149.3,151.54 2 1
github.com/livechat/lc-sdk-go/v3/webhooks/handler.go:156.3,156.31 1 1
github.com/livechat/lc-sdk-go/v3/webhooks/handler.go:72.17,75.4 2 0
github.com/livechat/lc-sdk-go/v3/webhooks/handler.go:78.51,81.4 2 1
github.com/livechat/lc-sdk-go/v3/webhooks/handler.go:83.14,86.4 2 1
github.com/livechat/lc-sdk-go/v3/webhooks/handler.go:87.61,90.4 2 1
github.com/livechat/lc-sdk-go/v3/webhooks/handler.go:94.24,95.29 1 1
github.com/livechat/lc-sdk-go/v3/webhooks/handler.go:96.25,97.30 1 1
github.com/livechat/lc-sdk-go/v3/webhooks/handler.go:98.24,99.29 1 1
github.com/livechat/lc-sdk-go/v3/webhooks/handler.go:100.41,101.44 1 1
github.com/livechat/lc-sdk-go/v3/webhooks/handler.go:102.27,103.32 1 1
github.com/livechat/lc-sdk-go/v3/webhooks/handler.go:104.34,105.38 1 1
github.com/livechat/lc-sdk-go/v3/webhooks/handler.go:106.36,107.40 1 1
github.com/livechat/lc-sdk-go/v3/webhooks/handler.go:108.34,109.38 1 1
github.com/livechat/lc-sdk-go/v3/webhooks/handler.go:110.36,111.40 1 1
github.com/livechat/lc-sdk-go/v3/webhooks/handler.go:112.29,113.32 1 1
github.com/livechat/lc-sdk-go/v3/webhooks/handler.go:114.33,115.36 1 1
github.com/livechat/lc-sdk-go/v3/webhooks/handler.go:116.24,117.29 1 1
github.com/livechat/lc-sdk-go/v3/webhooks/handler.go:118.26,119.31 1 1
github.com/livechat/lc-sdk-go/v3/webhooks/handler.go:120.24,121.29 1 1
github.com/livechat/lc-sdk-go/v3/webhooks/handler.go:122.32,123.35 1 1
github.com/livechat/lc-sdk-go/v3/webhooks/handler.go:124.30,125.34 1 1
github.com/livechat/lc-sdk-go/v3/webhooks/handler.go:126.30,127.34 1 1
github.com/livechat/lc-sdk-go/v3/webhooks/handler.go:128.35,129.39 1 1
github.com/livechat/lc-sdk-go/v3/webhooks/handler.go:130.35,131.39 1 1
github.com/livechat/lc-sdk-go/v3/webhooks/handler.go:132.29,133.33 1 1
github.com/livechat/lc-sdk-go/v3/webhooks/handler.go:134.27,135.32 1 1
github.com/livechat/lc-sdk-go/v3/webhooks/handler.go:136.28,137.33 1 1
github.com/livechat/lc-sdk-go/v3/webhooks/handler.go:138.42,139.45 1 1
github.com/livechat/lc-sdk-go/v3/webhooks/handler.go:140.11,142.10 2 0
github.com/livechat/lc-sdk-go/v3/webhooks/handler.go:145.64,148.4 2 0
github.com/livechat/lc-sdk-go/v3/webhooks/handler.go:151.54,154.4 2 0
github.com/livechat/lc-sdk-go/v3/webhooks/structures.go:199.57,207.50 4 1
github.com/livechat/lc-sdk-go/v3/webhooks/structures.go:210.2,213.50 3 1
github.com/livechat/lc-sdk-go/v3/webhooks/structures.go:216.2,217.12 2 1
github.com/livechat/lc-sdk-go/v3/webhooks/structures.go:207.50,209.3 1 0
github.com/livechat/lc-sdk-go/v3/webhooks/structures.go:213.50,215.3 1 0
github.com/livechat/lc-sdk-go/v3/configuration/api.go:28.94,30.16 2 1
github.com/livechat/lc-sdk-go/v3/configuration/api.go:33.2,33.23 1 1
github.com/livechat/lc-sdk-go/v3/configuration/api.go:30.16,32.3 1 1
github.com/livechat/lc-sdk-go/v3/configuration/api.go:39.104,42.17 3 1
github.com/livechat/lc-sdk-go/v3/configuration/api.go:45.2,47.21 2 1
github.com/livechat/lc-sdk-go/v3/configuration/api.go:42.17,44.3 1 0
github.com/livechat/lc-sdk-go/v3/configuration/api.go:53.96,56.17 3 1
github.com/livechat/lc-sdk-go/v3/configuration/api.go:59.2,63.18 2 1
github.com/livechat/lc-sdk-go/v3/configuration/api.go:56.17,58.3 1 0
github.com/livechat/lc-sdk-go/v3/configuration/api.go:69.89,71.17 2 1
github.com/livechat/lc-sdk-go/v3/configuration/api.go:74.2,77.22 1 1
github.com/livechat/lc-sdk-go/v3/configuration/api.go:71.17,73.3 1 0
github.com/livechat/lc-sdk-go/v3/configuration/api.go:81.192,83.60 2 1
github.com/livechat/lc-sdk-go/v3/configuration/api.go:86.2,97.24 2 1
github.com/livechat/lc-sdk-go/v3/configuration/api.go:83.60,85.3 1 1
github.com/livechat/lc-sdk-go/v3/configuration/api.go:101.171,102.60 1 1
github.com/livechat/lc-sdk-go/v3/configuration/api.go:105.2,116.22 1 1
github.com/livechat/lc-sdk-go/v3/configuration/api.go:102.60,104.3 1 1
github.com/livechat/lc-sdk-go/v3/configuration/api.go:120.42,124.2 1 1
github.com/livechat/lc-sdk-go/v3/configuration/api.go:127.70,135.2 3 1
github.com/livechat/lc-sdk-go/v3/configuration/api.go:138.64,146.2 3 1
github.com/livechat/lc-sdk-go/v3/configuration/api.go:149.75,158.2 4 1
github.com/livechat/lc-sdk-go/v3/configuration/api.go:161.68,169.2 3 1
github.com/livechat/lc-sdk-go/v3/configuration/api.go:172.79,178.23 3 1
github.com/livechat/lc-sdk-go/v3/configuration/api.go:184.2,185.18 2 1
github.com/livechat/lc-sdk-go/v3/configuration/api.go:178.23,182.3 1 1
github.com/livechat/lc-sdk-go/v3/configuration/api.go:189.65,195.2 2 1
github.com/livechat/lc-sdk-go/v3/configuration/api.go:198.44,202.2 1 1
github.com/livechat/lc-sdk-go/v3/configuration/api.go:205.45,209.2 1 1
github.com/livechat/lc-sdk-go/v3/configuration/api.go:212.47,216.2 1 1
github.com/livechat/lc-sdk-go/v3/configuration/api.go:219.48,221.2 1 1
github.com/livechat/lc-sdk-go/v3/configuration/api.go:224.45,228.2 1 1
github.com/livechat/lc-sdk-go/v3/configuration/api.go:231.64,233.2 1 1
github.com/livechat/lc-sdk-go/v3/configuration/api.go:236.68,241.2 1 1
github.com/livechat/lc-sdk-go/v3/configuration/api.go:244.83,246.10 2 1
github.com/livechat/lc-sdk-go/v3/configuration/api.go:249.2,249.11 1 1
github.com/livechat/lc-sdk-go/v3/configuration/api.go:252.2,256.22 1 1
github.com/livechat/lc-sdk-go/v3/configuration/api.go:246.10,248.3 1 1
github.com/livechat/lc-sdk-go/v3/configuration/api.go:249.11,251.3 1 0
github.com/livechat/lc-sdk-go/v3/configuration/api.go:260.88,267.2 3 1
github.com/livechat/lc-sdk-go/v3/configuration/api.go:270.107,279.2 3 1
github.com/livechat/lc-sdk-go/v3/configuration/api.go:282.108,289.2 1 1
github.com/livechat/lc-sdk-go/v3/configuration/api.go:292.43,296.2 1 1
github.com/livechat/lc-sdk-go/v3/configuration/api.go:299.61,306.2 3 1
github.com/livechat/lc-sdk-go/v3/configuration/api.go:309.66,317.2 3 1
github.com/livechat/lc-sdk-go/v3/configuration/api.go:319.63,320.31 1 1
github.com/livechat/lc-sdk-go/v3/configuration/api.go:326.2,326.12 1 1
github.com/livechat/lc-sdk-go/v3/configuration/api.go:320.31,321.36 1 1
github.com/livechat/lc-sdk-go/v3/configuration/api.go:321.36,323.4 1 1
github.com/livechat/lc-sdk-go/v3/configuration/api.go:330.101,337.2 3 1
github.com/livechat/lc-sdk-go/v3/configuration/api.go:340.113,348.2 3 1
github.com/livechat/lc-sdk-go/v3/configuration/api.go:351.72,357.2 3 1
github.com/livechat/lc-sdk-go/v3/configuration/api.go:362.77,364.17 2 1
github.com/livechat/lc-sdk-go/v3/configuration/api.go:367.2,369.22 1 1
github.com/livechat/lc-sdk-go/v3/configuration/api.go:364.17,366.3 1 0
github.com/livechat/lc-sdk-go/v3/configuration/api.go:375.78,377.17 2 1
github.com/livechat/lc-sdk-go/v3/configuration/api.go:380.2,382.22 1 1
github.com/livechat/lc-sdk-go/v3/configuration/api.go:377.17,379.3 1 0
github.com/livechat/lc-sdk-go/v3/configuration/api.go:388.97,390.17 2 1
github.com/livechat/lc-sdk-go/v3/configuration/api.go:393.2,397.18 3 1
github.com/livechat/lc-sdk-go/v3/configuration/api.go:390.17,392.3 1 0
github.com/livechat/lc-sdk-go/v3/configuration/api.go:401.72,405.2 1 0
github.com/livechat/lc-sdk-go/v3/configuration/api.go:408.78,413.2 1 0
github.com/livechat/lc-sdk-go/v3/configuration/structures.go:63.50,65.2 1 1
github.com/livechat/lc-sdk-go/v3/configuration/structures.go:69.65,72.2 2 1
github.com/livechat/lc-sdk-go/v3/configuration/structures.go:76.99,77.15 1 1
github.com/livechat/lc-sdk-go/v3/configuration/structures.go:86.2,86.12 1 1
github.com/livechat/lc-sdk-go/v3/configuration/structures.go:77.15,81.3 1 1
github.com/livechat/lc-sdk-go/v3/configuration/structures.go:81.8,85.3 1 0
github.com/livechat/lc-sdk-go/v3/customer/types.go:35.42,36.11 1 1
github.com/livechat/lc-sdk-go/v3/customer/types.go:37.16,38.27 1 1
github.com/livechat/lc-sdk-go/v3/customer/types.go:39.17,40.28 1 1
github.com/livechat/lc-sdk-go/v3/customer/types.go:41.26,42.35 1 1
github.com/livechat/lc-sdk-go/v3/customer/types.go:43.10,44.28 1 0
github.com/livechat/lc-sdk-go/v3/customer/api.go:27.81,28.74 1 1
github.com/livechat/lc-sdk-go/v3/customer/api.go:28.74,30.17 2 1
github.com/livechat/lc-sdk-go/v3/customer/api.go:33.3,33.25 1 1
github.com/livechat/lc-sdk-go/v3/customer/api.go:38.3,38.69 1 1
github.com/livechat/lc-sdk-go/v3/customer/api.go:41.3,41.18 1 1
github.com/livechat/lc-sdk-go/v3/customer/api.go:30.17,32.4 1 0
github.com/livechat/lc-sdk-go/v3/customer/api.go:33.25,37.4 3 1
github.com/livechat/lc-sdk-go/v3/customer/api.go:38.69,40.4 1 1
github.com/livechat/lc-sdk-go/v3/customer/api.go:48.94,50.16 2 1
github.com/livechat/lc-sdk-go/v3/customer/api.go:53.2,53.23 1 1
github.com/livechat/lc-sdk-go/v3/customer/api.go:50.16,52.3 1 1
github.com/livechat/lc-sdk-go/v3/customer/api.go:58.140,65.47 2 1
github.com/livechat/lc-sdk-go/v3/customer/api.go:68.2,70.55 3 1
github.com/livechat/lc-sdk-go/v3/customer/api.go:65.47,67.3 1 0
github.com/livechat/lc-sdk-go/v3/customer/api.go:75.87,85.2 2 1
github.com/livechat/lc-sdk-go/v3/customer/api.go:89.159,101.2 2 1
github.com/livechat/lc-sdk-go/v3/customer/api.go:107.96,108.49 1 1
github.com/livechat/lc-sdk-go/v3/customer/api.go:112.2,119.26 3 1
github.com/livechat/lc-sdk-go/v3/customer/api.go:108.49,110.3 1 0
github.com/livechat/lc-sdk-go/v3/customer/api.go:125.133,128.47 2 1
github.com/livechat/lc-sdk-go/v3/customer/api.go:132.2,138.42 2 1
github.com/livechat/lc-sdk-go/v3/customer/api.go:128.47,130.3 1 0
github.com/livechat/lc-sdk-go/v3/customer/api.go:142.149,153.2 3 1
github.com/livechat/lc-sdk-go/v3/customer/api.go:156.77,164.2 3 1
github.com/livechat/lc-sdk-go/v3/customer/api.go:167.170,179.2 3 1
github.com/livechat/lc-sdk-go/v3/customer/api.go:183.51,187.2 1 1
github.com/livechat/lc-sdk-go/v3/customer/api.go:190.105,200.2 1 1
github.com/livechat/lc-sdk-go/v3/customer/api.go:203.56,208.2 1 1
github.com/livechat/lc-sdk-go/v3/customer/api.go:211.88,216.2 1 1
github.com/livechat/lc-sdk-go/v3/customer/api.go:219.89,224.2 1 1
github.com/livechat/lc-sdk-go/v3/customer/api.go:227.100,233.2 1 1
github.com/livechat/lc-sdk-go/v3/customer/api.go:236.101,242.2 1 1
github.com/livechat/lc-sdk-go/v3/customer/api.go:245.108,252.2 1 1
github.com/livechat/lc-sdk-go/v3/customer/api.go:255.109,262.2 1 1
github.com/livechat/lc-sdk-go/v3/customer/api.go:265.102,272.2 1 1
github.com/livechat/lc-sdk-go/v3/customer/api.go:275.81,279.2 1 1
github.com/livechat/lc-sdk-go/v3/customer/api.go:285.78,287.24 2 1
github.com/livechat/lc-sdk-go/v3/customer/api.go:292.2,297.16 4 1
github.com/livechat/lc-sdk-go/v3/customer/api.go:303.2,303.15 1 1
github.com/livechat/lc-sdk-go/v3/customer/api.go:287.24,289.3 1 0
github.com/livechat/lc-sdk-go/v3/customer/api.go:289.8,291.3 1 1
github.com/livechat/lc-sdk-go/v3/customer/api.go:297.16,298.33 1 1
github.com/livechat/lc-sdk-go/v3/customer/api.go:298.33,300.4 1 1
github.com/livechat/lc-sdk-go/v3/customer/api.go:309.95,315.2 1 1
github.com/livechat/lc-sdk-go/v3/customer/api.go:319.93,327.2 3 1
github.com/livechat/lc-sdk-go/v3/customer/api.go:332.60,336.2 3 1
github.com/livechat/lc-sdk-go/v3/customer/api.go:339.56,345.2 3 1
github.com/livechat/lc-sdk-go/v3/customer/api.go:348.73,353.2 1 1
github.com/livechat/lc-sdk-go/v3/customer/api.go:356.56,360.2 3 1
github.com/livechat/lc-sdk-go/v3/customer/api.go:363.89,370.2 3 1
github.com/livechat/lc-sdk-go/v3/customer/api.go:373.101,381.2 3 1
github.com/livechat/lc-sdk-go/v3/customer/api.go:384.69,389.2 1 1
github.com/livechat/lc-sdk-go/v3/customer/api.go:392.53,396.2 1 1
github.com/livechat/lc-sdk-go/v3/customer/api.go:399.66,403.2 1 1
github.com/livechat/lc-sdk-go/v3/customer/api.go:406.121,415.2 3 0
github.com/livechat/lc-sdk-go/v3/customer/api.go:418.91,425.2 3 0
github.com/livechat/lc-sdk-go/v3/customer/api.go:428.97,436.2 3 0
github.com/livechat/lc-sdk-go/v3/agent/filters.go:16.84,18.9 2 1
github.com/livechat/lc-sdk-go/v3/agent/filters.go:26.2,26.12 1 1
github.com/livechat/lc-sdk-go/v3/agent/filters.go:19.19,20.25 1 1
github.com/livechat/lc-sdk-go/v3/agent/filters.go:21.16,22.20 1 1
github.com/livechat/lc-sdk-go/v3/agent/filters.go:23.17,24.27 1 1
github.com/livechat/lc-sdk-go/v3/agent/filters.go:57.44,59.2 1 1
github.com/livechat/lc-sdk-go/v3/agent/filters.go:63.90,66.2 2 1
github.com/livechat/lc-sdk-go/v3/agent/filters.go:69.71,72.2 2 1
github.com/livechat/lc-sdk-go/v3/agent/filters.go:76.75,81.2 2 1
github.com/livechat/lc-sdk-go/v3/agent/filters.go:84.67,87.2 2 1
github.com/livechat/lc-sdk-go/v3/agent/filters.go:90.67,93.2 2 1
github.com/livechat/lc-sdk-go/v3/agent/filters.go:96.65,99.2 2 1
github.com/livechat/lc-sdk-go/v3/agent/filters.go:102.90,105.2 2 0
github.com/livechat/lc-sdk-go/v3/agent/filters.go:108.85,111.2 2 0
github.com/livechat/lc-sdk-go/v3/agent/filters.go:115.88,118.2 2 1
github.com/livechat/lc-sdk-go/v3/agent/filters.go:122.89,125.2 2 1
github.com/livechat/lc-sdk-go/v3/agent/filters.go:129.89,132.2 2 1
github.com/livechat/lc-sdk-go/v3/agent/filters.go:135.75,138.2 2 1
github.com/livechat/lc-sdk-go/v3/agent/filters.go:164.69,166.9 2 1
github.com/livechat/lc-sdk-go/v3/agent/filters.go:172.2,172.11 1 1
github.com/livechat/lc-sdk-go/v3/agent/filters.go:167.17,168.21 1 1
github.com/livechat/lc-sdk-go/v3/agent/filters.go:169.10,170.28 1 1
github.com/livechat/lc-sdk-go/v3/agent/filters.go:182.70,184.9 2 1
github.com/livechat/lc-sdk-go/v3/agent/filters.go:190.2,190.13 1 1
github.com/livechat/lc-sdk-go/v3/agent/filters.go:185.17,186.23 1 1
github.com/livechat/lc-sdk-go/v3/agent/filters.go:187.10,188.30 1 1
github.com/livechat/lc-sdk-go/v3/agent/filters.go:223.46,225.2 1 1
github.com/livechat/lc-sdk-go/v3/agent/filters.go:229.90,232.2 2 1
github.com/livechat/lc-sdk-go/v3/agent/filters.go:236.88,239.2 2 1
github.com/livechat/lc-sdk-go/v3/agent/filters.go:243.87,246.2 2 1
github.com/livechat/lc-sdk-go/v3/agent/filters.go:250.85,253.2 2 1
github.com/livechat/lc-sdk-go/v3/agent/filters.go:257.94,260.2 2 1
github.com/livechat/lc-sdk-go/v3/agent/filters.go:264.81,267.2 2 1
github.com/livechat/lc-sdk-go/v3/agent/filters.go:271.83,274.2 2 1
github.com/livechat/lc-sdk-go/v3/agent/filters.go:278.82,281.2 2 1
github.com/livechat/lc-sdk-go/v3/agent/filters.go:285.90,288.2 2 1
github.com/livechat/lc-sdk-go/v3/agent/filters.go:292.96,295.2 2 1
github.com/livechat/lc-sdk-go/v3/agent/filters.go:299.99,302.2 2 1
github.com/livechat/lc-sdk-go/v3/agent/filters.go:305.92,308.2 2 0
github.com/livechat/lc-sdk-go/v3/agent/filters.go:320.38,324.2 1 1
github.com/livechat/lc-sdk-go/v3/agent/filters.go:327.60,330.2 2 1
github.com/livechat/lc-sdk-go/v3/agent/filters.go:333.65,336.2 2 0
github.com/livechat/lc-sdk-go/v3/agent/filters.go:339.65,342.2 2 1
github.com/livechat/lc-sdk-go/v3/agent/filters.go:345.84,348.2 2 0
github.com/livechat/lc-sdk-go/v3/agent/filters.go:357.42,359.2 1 1
github.com/livechat/lc-sdk-go/v3/agent/filters.go:362.65,365.2 2 1
github.com/livechat/lc-sdk-go/v3/agent/filters.go:368.63,371.2 2 1
github.com/livechat/lc-sdk-go/v3/agent/api.go:31.94,33.16 2 1
github.com/livechat/lc-sdk-go/v3/agent/api.go:36.2,36.23 1 1
github.com/livechat/lc-sdk-go/v3/agent/api.go:33.16,35.3 1 1
github.com/livechat/lc-sdk-go/v3/agent/api.go:40.44,42.2 1 1
github.com/livechat/lc-sdk-go/v3/agent/api.go:45.172,57.2 3 1
github.com/livechat/lc-sdk-go/v3/agent/api.go:60.77,68.2 3 1
github.com/livechat/lc-sdk-go/v3/agent/api.go:71.195,85.2 3 1
github.com/livechat/lc-sdk-go/v3/agent/api.go:88.136,99.2 3 1
github.com/livechat/lc-sdk-go/v3/agent/api.go:103.132,106.47 2 1
github.com/livechat/lc-sdk-go/v3/agent/api.go:110.2,115.55 2 1
github.com/livechat/lc-sdk-go/v3/agent/api.go:106.47,108.3 1 0
github.com/livechat/lc-sdk-go/v3/agent/api.go:121.125,124.47 2 1
github.com/livechat/lc-sdk-go/v3/agent/api.go:128.2,134.42 2 1
github.com/livechat/lc-sdk-go/v3/agent/api.go:124.47,126.3 1 0
github.com/livechat/lc-sdk-go/v3/agent/api.go:139.51,143.2 1 1
github.com/livechat/lc-sdk-go/v3/agent/api.go:146.47,150.2 1 1
github.com/livechat/lc-sdk-go/v3/agent/api.go:153.49,157.2 1 1
github.com/livechat/lc-sdk-go/v3/agent/api.go:160.71,165.2 1 1
github.com/livechat/lc-sdk-go/v3/agent/api.go:168.72,173.2 1 1
github.com/livechat/lc-sdk-go/v3/agent/api.go:176.69,181.2 1 1
github.com/livechat/lc-sdk-go/v3/agent/api.go:184.92,186.38 2 1
github.com/livechat/lc-sdk-go/v3/agent/api.go:192.2,196.22 1 1
github.com/livechat/lc-sdk-go/v3/agent/api.go:186.38,191.3 1 1
github.com/livechat/lc-sdk-go/v3/agent/api.go:200.94,207.2 1 1
github.com/livechat/lc-sdk-go/v3/agent/api.go:211.73,217.2 1 1
github.com/livechat/lc-sdk-go/v3/agent/api.go:223.100,224.53 1 1
github.com/livechat/lc-sdk-go/v3/agent/api.go:228.2,235.26 3 1
github.com/livechat/lc-sdk-go/v3/agent/api.go:224.53,226.3 1 0
github.com/livechat/lc-sdk-go/v3/agent/api.go:239.105,249.2 1 1
github.com/livechat/lc-sdk-go/v3/agent/api.go:252.88,257.2 1 1
github.com/livechat/lc-sdk-go/v3/agent/api.go:260.89,265.2 1 1
github.com/livechat/lc-sdk-go/v3/agent/api.go:268.100,274.2 1 1
github.com/livechat/lc-sdk-go/v3/agent/api.go:277.101,283.2 1 1
github.com/livechat/lc-sdk-go/v3/agent/api.go:286.108,293.2 1 1
github.com/livechat/lc-sdk-go/v3/agent/api.go:296.109,303.2 1 1
github.com/livechat/lc-sdk-go/v3/agent/api.go:306.61,312.2 1 1
github.com/livechat/lc-sdk-go/v3/agent/api.go:315.63,321.2 1 1
github.com/livechat/lc-sdk-go/v3/agent/api.go:324.85,331.2 3 1
github.com/livechat/lc-sdk-go/v3/agent/api.go:334.201,345.2 3 1
github.com/livechat/lc-sdk-go/v3/agent/api.go:348.109,358.2 3 1
github.com/livechat/lc-sdk-go/v3/agent/api.go:361.111,369.2 1 1
github.com/livechat/lc-sdk-go/v3/agent/api.go:372.63,379.2 1 1
github.com/livechat/lc-sdk-go/v3/agent/api.go:382.62,387.2 1 1
github.com/livechat/lc-sdk-go/v3/agent/api.go:390.73,395.2 1 1
github.com/livechat/lc-sdk-go/v3/agent/api.go:398.83,404.2 1 1
github.com/livechat/lc-sdk-go/v3/agent/api.go:407.110,413.2 1 1
github.com/livechat/lc-sdk-go/v3/agent/api.go:416.79,422.2 3 1
github.com/livechat/lc-sdk-go/v3/agent/api.go:425.55,429.2 1 0
github.com/livechat/lc-sdk-go/v3/agent/api.go:432.57,436.2 1 0
github.com/livechat/lc-sdk-go/v3/agent/api.go:438.82,447.2 3 0
